2025/04/19 09:37:23 [notice] 1#1: using the "epoll" event method
2025/04/19 09:37:23 [notice] 1#1: nginx/1.27.5
2025/04/19 09:37:23 [notice] 1#1: built by gcc 12.2.0 (Debian 12.2.0-14) 
2025/04/19 09:37:23 [notice] 1#1: OS: Linux 6.14.2-arch1-1
2025/04/19 09:37:23 [notice] 1#1: getrlimit(RLIMIT_NOFILE): 1024:524288
2025/04/19 09:37:23 [notice] 1#1: start worker processes
2025/04/19 09:37:23 [notice] 1#1: start worker process 20
2025/04/19 09:37:23 [notice] 1#1: start worker process 21
2025/04/19 09:37:23 [notice] 1#1: start worker process 22
2025/04/19 09:37:23 [notice] 1#1: start worker process 23
2025/04/19 09:37:23 [notice] 1#1: start worker process 24
2025/04/19 09:37:23 [notice] 1#1: start worker process 25
2025/04/19 09:37:23 [notice] 1#1: start worker process 26
2025/04/19 09:37:23 [notice] 1#1: start worker process 27
2025/04/19 09:37:23 [notice] 1#1: start worker process 28
2025/04/19 09:37:23 [notice] 1#1: start worker process 29
2025/04/19 09:37:23 [notice] 1#1: start worker process 30
2025/04/19 09:37:23 [notice] 1#1: start worker process 31
2025/04/19 09:37:31 [notice] 1#1: signal 3 (SIGQUIT) received, shutting down
2025/04/19 09:37:31 [notice] 20#20: gracefully shutting down
2025/04/19 09:37:31 [notice] 21#21: gracefully shutting down
2025/04/19 09:37:31 [notice] 22#22: gracefully shutting down
2025/04/19 09:37:31 [notice] 23#23: gracefully shutting down
2025/04/19 09:37:31 [notice] 24#24: gracefully shutting down
2025/04/19 09:37:31 [notice] 25#25: gracefully shutting down
2025/04/19 09:37:31 [notice] 20#20: exiting
2025/04/19 09:37:31 [notice] 23#23: exiting
2025/04/19 09:37:31 [notice] 21#21: exiting
2025/04/19 09:37:31 [notice] 22#22: exiting
2025/04/19 09:37:31 [notice] 24#24: exiting
2025/04/19 09:37:31 [notice] 25#25: exiting
2025/04/19 09:37:31 [notice] 26#26: gracefully shutting down
2025/04/19 09:37:31 [notice] 23#23: exit
2025/04/19 09:37:31 [notice] 21#21: exit
2025/04/19 09:37:31 [notice] 22#22: exit
2025/04/19 09:37:31 [notice] 26#26: exiting
2025/04/19 09:37:31 [notice] 24#24: exit
2025/04/19 09:37:31 [notice] 20#20: exit
2025/04/19 09:37:31 [notice] 25#25: exit
2025/04/19 09:37:31 [notice] 26#26: exit
2025/04/19 09:37:31 [notice] 28#28: gracefully shutting down
2025/04/19 09:37:31 [notice] 28#28: exiting
2025/04/19 09:37:31 [notice] 28#28: exit
2025/04/19 09:37:31 [notice] 27#27: gracefully shutting down
2025/04/19 09:37:31 [notice] 27#27: exiting
2025/04/19 09:37:31 [notice] 29#29: gracefully shutting down
2025/04/19 09:37:31 [notice] 29#29: exiting
2025/04/19 09:37:31 [notice] 27#27: exit
2025/04/19 09:37:31 [notice] 31#31: gracefully shutting down
2025/04/19 09:37:31 [notice] 30#30: gracefully shutting down
2025/04/19 09:37:31 [notice] 30#30: exiting
2025/04/19 09:37:31 [notice] 31#31: exiting
2025/04/19 09:37:31 [notice] 29#29: exit
2025/04/19 09:37:31 [notice] 30#30: exit
2025/04/19 09:37:31 [notice] 31#31: exit
2025/04/19 09:37:31 [notice] 1#1: signal 17 (SIGCHLD) received from 23
2025/04/19 09:37:31 [notice] 1#1: worker process 23 exited with code 0
2025/04/19 09:37:31 [notice] 1#1: worker process 24 exited with code 0
2025/04/19 09:37:31 [notice] 1#1: worker process 25 exited with code 0
2025/04/19 09:37:31 [notice] 1#1: worker process 28 exited with code 0
2025/04/19 09:37:31 [notice] 1#1: signal 29 (SIGIO) received
2025/04/19 09:37:31 [notice] 1#1: signal 17 (SIGCHLD) received from 28
2025/04/19 09:37:31 [notice] 1#1: signal 17 (SIGCHLD) received from 22
2025/04/19 09:37:31 [notice] 1#1: worker process 22 exited with code 0
2025/04/19 09:37:31 [notice] 1#1: signal 29 (SIGIO) received
2025/04/19 09:37:31 [notice] 1#1: signal 17 (SIGCHLD) received from 21
2025/04/19 09:37:31 [notice] 1#1: worker process 21 exited with code 0
2025/04/19 09:37:31 [notice] 1#1: signal 29 (SIGIO) received
2025/04/19 09:37:31 [notice] 1#1: signal 17 (SIGCHLD) received from 30
2025/04/19 09:37:31 [notice] 1#1: worker process 27 exited with code 0
2025/04/19 09:37:31 [notice] 1#1: worker process 30 exited with code 0
2025/04/19 09:37:31 [notice] 1#1: signal 29 (SIGIO) received
2025/04/19 09:37:31 [notice] 1#1: signal 17 (SIGCHLD) received from 31
2025/04/19 09:37:31 [notice] 1#1: worker process 20 exited with code 0
2025/04/19 09:37:31 [notice] 1#1: worker process 31 exited with code 0
2025/04/19 09:37:31 [notice] 1#1: signal 29 (SIGIO) received
2025/04/19 09:37:31 [notice] 1#1: signal 17 (SIGCHLD) received from 26
2025/04/19 09:37:31 [notice] 1#1: worker process 26 exited with code 0
2025/04/19 09:37:31 [notice] 1#1: signal 29 (SIGIO) received
2025/04/19 09:37:31 [notice] 1#1: signal 17 (SIGCHLD) received from 29
2025/04/19 09:37:31 [notice] 1#1: worker process 29 exited with code 0
2025/04/19 09:37:31 [notice] 1#1: exit
2025/04/19 09:38:06 [notice] 1#1: using the "epoll" event method
2025/04/19 09:38:06 [notice] 1#1: nginx/1.27.5
2025/04/19 09:38:06 [notice] 1#1: built by gcc 12.2.0 (Debian 12.2.0-14) 
2025/04/19 09:38:06 [notice] 1#1: OS: Linux 6.14.2-arch1-1
2025/04/19 09:38:06 [notice] 1#1: getrlimit(RLIMIT_NOFILE): 1024:524288
2025/04/19 09:38:06 [notice] 1#1: start worker processes
2025/04/19 09:38:06 [notice] 1#1: start worker process 20
2025/04/19 09:38:06 [notice] 1#1: start worker process 21
2025/04/19 09:38:06 [notice] 1#1: start worker process 22
2025/04/19 09:38:06 [notice] 1#1: start worker process 23
2025/04/19 09:38:06 [notice] 1#1: start worker process 24
2025/04/19 09:38:06 [notice] 1#1: start worker process 25
2025/04/19 09:38:06 [notice] 1#1: start worker process 26
2025/04/19 09:38:06 [notice] 1#1: start worker process 27
2025/04/19 09:38:06 [notice] 1#1: start worker process 28
2025/04/19 09:38:06 [notice] 1#1: start worker process 29
2025/04/19 09:38:06 [notice] 1#1: start worker process 30
2025/04/19 09:38:06 [notice] 1#1: start worker process 31
2025/04/19 09:38:07 [error] 20#20: *1 open() "/etc/nginx/conf.d/.htpasswd" failed (2: No such file or directory), client: 172.20.0.1, server: , request: "GET / HTTP/1.1", host: "localhost"
2025/04/19 09:38:08 [error] 20#20: *1 open() "/etc/nginx/conf.d/.htpasswd" failed (2: No such file or directory), client: 172.20.0.1, server: , request: "GET / HTTP/1.1", host: "localhost"
2025/04/19 09:38:09 [error] 20#20: *1 open() "/etc/nginx/conf.d/.htpasswd" failed (2: No such file or directory), client: 172.20.0.1, server: , request: "GET / HTTP/1.1", host: "localhost"
2025/04/19 09:38:09 [error] 21#21: *2 open() "/etc/nginx/conf.d/.htpasswd" failed (2: No such file or directory), client: 172.20.0.1, server: , request: "GET / HTTP/1.1", host: "localhost"
2025/04/19 09:38:09 [error] 21#21: *2 open() "/etc/nginx/conf.d/.htpasswd" failed (2: No such file or directory), client: 172.20.0.1, server: , request: "GET /favicon.ico HTTP/1.1", host: "localhost", referrer: "http://localhost/"
2025/04/19 09:38:09 [error] 22#22: *3 open() "/etc/nginx/conf.d/.htpasswd" failed (2: No such file or directory), client: 172.20.0.1, server: , request: "GET / HTTP/1.1", host: "localhost"
2025/04/19 09:38:09 [error] 22#22: *3 open() "/etc/nginx/conf.d/.htpasswd" failed (2: No such file or directory), client: 172.20.0.1, server: , request: "GET /favicon.ico HTTP/1.1", host: "localhost", referrer: "http://localhost/"
2025/04/19 09:38:10 [error] 23#23: *4 open() "/etc/nginx/conf.d/.htpasswd" failed (2: No such file or directory), client: 172.20.0.1, server: , request: "GET / HTTP/1.1", host: "localhost"
2025/04/19 09:38:10 [error] 23#23: *4 open() "/etc/nginx/conf.d/.htpasswd" failed (2: No such file or directory), client: 172.20.0.1, server: , request: "GET /favicon.ico HTTP/1.1", host: "localhost", referrer: "http://localhost/"
2025/04/19 09:38:10 [error] 24#24: *5 open() "/etc/nginx/conf.d/.htpasswd" failed (2: No such file or directory), client: 172.20.0.1, server: , request: "GET / HTTP/1.1", host: "localhost"
2025/04/19 09:38:10 [error] 24#24: *5 open() "/etc/nginx/conf.d/.htpasswd" failed (2: No such file or directory), client: 172.20.0.1, server: , request: "GET /favicon.ico HTTP/1.1", host: "localhost", referrer: "http://localhost/"
2025/04/19 09:38:33 [error] 24#24: *5 open() "/etc/nginx/conf.d/.htpasswd" failed (2: No such file or directory), client: 172.20.0.1, server: , request: "GET / HTTP/1.1", host: "localhost"
2025/04/19 09:38:36 [notice] 1#1: signal 3 (SIGQUIT) received, shutting down
2025/04/19 09:38:36 [notice] 20#20: gracefully shutting down
2025/04/19 09:38:36 [notice] 21#21: gracefully shutting down
2025/04/19 09:38:36 [notice] 22#22: gracefully shutting down
2025/04/19 09:38:36 [notice] 23#23: gracefully shutting down
2025/04/19 09:38:36 [notice] 24#24: gracefully shutting down
2025/04/19 09:38:36 [notice] 21#21: exiting
2025/04/19 09:38:36 [notice] 20#20: exiting
2025/04/19 09:38:36 [notice] 26#26: gracefully shutting down
2025/04/19 09:38:36 [notice] 27#27: gracefully shutting down
2025/04/19 09:38:36 [notice] 23#23: exiting
2025/04/19 09:38:36 [notice] 22#22: exiting
2025/04/19 09:38:36 [notice] 28#28: gracefully shutting down
2025/04/19 09:38:36 [notice] 26#26: exiting
2025/04/19 09:38:36 [notice] 31#31: gracefully shutting down
2025/04/19 09:38:36 [notice] 25#25: gracefully shutting down
2025/04/19 09:38:36 [notice] 27#27: exiting
2025/04/19 09:38:36 [notice] 28#28: exiting
2025/04/19 09:38:36 [notice] 25#25: exiting
2025/04/19 09:38:36 [notice] 31#31: exiting
2025/04/19 09:38:36 [notice] 21#21: exit
2025/04/19 09:38:36 [notice] 23#23: exit
2025/04/19 09:38:36 [notice] 20#20: exit
2025/04/19 09:38:36 [notice] 22#22: exit
2025/04/19 09:38:36 [notice] 26#26: exit
2025/04/19 09:38:36 [notice] 27#27: exit
2025/04/19 09:38:36 [notice] 28#28: exit
2025/04/19 09:38:36 [notice] 25#25: exit
2025/04/19 09:38:36 [notice] 31#31: exit
2025/04/19 09:38:36 [notice] 24#24: exiting
2025/04/19 09:38:36 [notice] 24#24: exit
2025/04/19 09:38:36 [notice] 29#29: gracefully shutting down
2025/04/19 09:38:36 [notice] 30#30: gracefully shutting down
2025/04/19 09:38:36 [notice] 29#29: exiting
2025/04/19 09:38:36 [notice] 30#30: exiting
2025/04/19 09:38:36 [notice] 29#29: exit
2025/04/19 09:38:36 [notice] 30#30: exit
2025/04/19 09:38:36 [notice] 1#1: signal 17 (SIGCHLD) received from 31
2025/04/19 09:38:36 [notice] 1#1: worker process 23 exited with code 0
2025/04/19 09:38:36 [notice] 1#1: worker process 25 exited with code 0
2025/04/19 09:38:36 [notice] 1#1: worker process 27 exited with code 0
2025/04/19 09:38:36 [notice] 1#1: worker process 31 exited with code 0
2025/04/19 09:38:36 [notice] 1#1: signal 29 (SIGIO) received
2025/04/19 09:38:36 [notice] 1#1: signal 17 (SIGCHLD) received from 25
2025/04/19 09:38:36 [notice] 1#1: signal 17 (SIGCHLD) received from 20
2025/04/19 09:38:36 [notice] 1#1: worker process 20 exited with code 0
2025/04/19 09:38:36 [notice] 1#1: signal 29 (SIGIO) received
2025/04/19 09:38:36 [notice] 1#1: signal 17 (SIGCHLD) received from 26
2025/04/19 09:38:36 [notice] 1#1: worker process 26 exited with code 0
2025/04/19 09:38:36 [notice] 1#1: signal 29 (SIGIO) received
2025/04/19 09:38:36 [notice] 1#1: signal 17 (SIGCHLD) received from 24
2025/04/19 09:38:36 [notice] 1#1: worker process 24 exited with code 0
2025/04/19 09:38:36 [notice] 1#1: signal 29 (SIGIO) received
2025/04/19 09:38:36 [notice] 1#1: signal 17 (SIGCHLD) received from 28
2025/04/19 09:38:36 [notice] 1#1: worker process 28 exited with code 0
2025/04/19 09:38:36 [notice] 1#1: worker process 30 exited with code 0
2025/04/19 09:38:36 [notice] 1#1: signal 29 (SIGIO) received
2025/04/19 09:38:36 [notice] 1#1: signal 17 (SIGCHLD) received from 30
2025/04/19 09:38:36 [notice] 1#1: worker process 22 exited with code 0
2025/04/19 09:38:36 [notice] 1#1: signal 29 (SIGIO) received
2025/04/19 09:38:36 [notice] 1#1: signal 17 (SIGCHLD) received from 21
2025/04/19 09:38:36 [notice] 1#1: worker process 21 exited with code 0
2025/04/19 09:38:36 [notice] 1#1: signal 29 (SIGIO) received
2025/04/19 09:38:36 [notice] 1#1: signal 17 (SIGCHLD) received from 29
2025/04/19 09:38:36 [notice] 1#1: worker process 29 exited with code 0
2025/04/19 09:38:36 [notice] 1#1: exit
2025/04/19 09:39:26 [notice] 1#1: using the "epoll" event method
2025/04/19 09:39:26 [notice] 1#1: nginx/1.27.5
2025/04/19 09:39:26 [notice] 1#1: built by gcc 12.2.0 (Debian 12.2.0-14) 
2025/04/19 09:39:26 [notice] 1#1: OS: Linux 6.14.2-arch1-1
2025/04/19 09:39:26 [notice] 1#1: getrlimit(RLIMIT_NOFILE): 1024:524288
2025/04/19 09:39:26 [notice] 1#1: start worker processes
2025/04/19 09:39:26 [notice] 1#1: start worker process 20
2025/04/19 09:39:26 [notice] 1#1: start worker process 21
2025/04/19 09:39:26 [notice] 1#1: start worker process 22
2025/04/19 09:39:26 [notice] 1#1: start worker process 23
2025/04/19 09:39:26 [notice] 1#1: start worker process 24
2025/04/19 09:39:26 [notice] 1#1: start worker process 25
2025/04/19 09:39:26 [notice] 1#1: start worker process 26
2025/04/19 09:39:26 [notice] 1#1: start worker process 27
2025/04/19 09:39:26 [notice] 1#1: start worker process 28
2025/04/19 09:39:26 [notice] 1#1: start worker process 29
2025/04/19 09:39:26 [notice] 1#1: start worker process 30
2025/04/19 09:39:26 [notice] 1#1: start worker process 31
2025/04/19 09:39:27 [error] 20#20: *1 user "nil": password mismatch, client: 172.20.0.1, server: , request: "GET / HTTP/1.1", host: "localhost"
2025/04/19 09:39:42 [notice] 1#1: signal 3 (SIGQUIT) received, shutting down
2025/04/19 09:39:42 [notice] 20#20: gracefully shutting down
2025/04/19 09:39:42 [notice] 21#21: gracefully shutting down
2025/04/19 09:39:42 [notice] 22#22: gracefully shutting down
2025/04/19 09:39:42 [notice] 23#23: gracefully shutting down
2025/04/19 09:39:42 [notice] 25#25: gracefully shutting down
2025/04/19 09:39:42 [notice] 21#21: exiting
2025/04/19 09:39:42 [notice] 26#26: gracefully shutting down
2025/04/19 09:39:42 [notice] 29#29: gracefully shutting down
2025/04/19 09:39:42 [notice] 22#22: exiting
2025/04/19 09:39:42 [notice] 23#23: exiting
2025/04/19 09:39:42 [notice] 25#25: exiting
2025/04/19 09:39:42 [notice] 24#24: gracefully shutting down
2025/04/19 09:39:42 [notice] 26#26: exiting
2025/04/19 09:39:42 [notice] 29#29: exiting
2025/04/19 09:39:42 [notice] 24#24: exiting
2025/04/19 09:39:42 [notice] 21#21: exit
2025/04/19 09:39:42 [notice] 23#23: exit
2025/04/19 09:39:42 [notice] 26#26: exit
2025/04/19 09:39:42 [notice] 25#25: exit
2025/04/19 09:39:42 [notice] 22#22: exit
2025/04/19 09:39:42 [notice] 29#29: exit
2025/04/19 09:39:42 [notice] 20#20: exiting
2025/04/19 09:39:42 [notice] 24#24: exit
2025/04/19 09:39:42 [notice] 20#20: exit
2025/04/19 09:39:42 [notice] 31#31: gracefully shutting down
2025/04/19 09:39:42 [notice] 31#31: exiting
2025/04/19 09:39:42 [notice] 27#27: gracefully shutting down
2025/04/19 09:39:42 [notice] 27#27: exiting
2025/04/19 09:39:42 [notice] 31#31: exit
2025/04/19 09:39:42 [notice] 27#27: exit
2025/04/19 09:39:42 [notice] 28#28: gracefully shutting down
2025/04/19 09:39:42 [notice] 28#28: exiting
2025/04/19 09:39:42 [notice] 28#28: exit
2025/04/19 09:39:42 [notice] 30#30: gracefully shutting down
2025/04/19 09:39:42 [notice] 30#30: exiting
2025/04/19 09:39:42 [notice] 30#30: exit
2025/04/19 09:39:42 [notice] 1#1: signal 17 (SIGCHLD) received from 28
2025/04/19 09:39:42 [notice] 1#1: worker process 26 exited with code 0
2025/04/19 09:39:42 [notice] 1#1: worker process 28 exited with code 0
2025/04/19 09:39:42 [notice] 1#1: signal 29 (SIGIO) received
2025/04/19 09:39:42 [notice] 1#1: signal 17 (SIGCHLD) received from 29
2025/04/19 09:39:42 [notice] 1#1: worker process 20 exited with code 0
2025/04/19 09:39:42 [notice] 1#1: worker process 29 exited with code 0
2025/04/19 09:39:42 [notice] 1#1: signal 29 (SIGIO) received
2025/04/19 09:39:42 [notice] 1#1: signal 17 (SIGCHLD) received from 20
2025/04/19 09:39:42 [notice] 1#1: signal 17 (SIGCHLD) received from 30
2025/04/19 09:39:42 [notice] 1#1: worker process 21 exited with code 0
2025/04/19 09:39:42 [notice] 1#1: worker process 30 exited with code 0
2025/04/19 09:39:42 [notice] 1#1: signal 29 (SIGIO) received
2025/04/19 09:39:42 [notice] 1#1: signal 17 (SIGCHLD) received from 21
2025/04/19 09:39:42 [notice] 1#1: worker process 23 exited with code 0
2025/04/19 09:39:42 [notice] 1#1: worker process 27 exited with code 0
2025/04/19 09:39:42 [notice] 1#1: signal 29 (SIGIO) received
2025/04/19 09:39:42 [notice] 1#1: signal 17 (SIGCHLD) received from 31
2025/04/19 09:39:42 [notice] 1#1: worker process 31 exited with code 0
2025/04/19 09:39:42 [notice] 1#1: signal 29 (SIGIO) received
2025/04/19 09:39:42 [notice] 1#1: signal 17 (SIGCHLD) received from 22
2025/04/19 09:39:42 [notice] 1#1: worker process 22 exited with code 0
2025/04/19 09:39:42 [notice] 1#1: signal 29 (SIGIO) received
2025/04/19 09:39:42 [notice] 1#1: signal 17 (SIGCHLD) received from 25
2025/04/19 09:39:42 [notice] 1#1: worker process 25 exited with code 0
2025/04/19 09:39:42 [notice] 1#1: signal 29 (SIGIO) received
2025/04/19 09:39:42 [notice] 1#1: signal 17 (SIGCHLD) received from 24
2025/04/19 09:39:42 [notice] 1#1: worker process 24 exited with code 0
2025/04/19 09:39:42 [notice] 1#1: exit
2025/04/19 09:40:21 [notice] 1#1: using the "epoll" event method
2025/04/19 09:40:21 [notice] 1#1: nginx/1.27.5
2025/04/19 09:40:21 [notice] 1#1: built by gcc 12.2.0 (Debian 12.2.0-14) 
2025/04/19 09:40:21 [notice] 1#1: OS: Linux 6.14.2-arch1-1
2025/04/19 09:40:21 [notice] 1#1: getrlimit(RLIMIT_NOFILE): 1024:524288
2025/04/19 09:40:21 [notice] 1#1: start worker processes
2025/04/19 09:40:21 [notice] 1#1: start worker process 20
2025/04/19 09:40:21 [notice] 1#1: start worker process 21
2025/04/19 09:40:21 [notice] 1#1: start worker process 22
2025/04/19 09:40:21 [notice] 1#1: start worker process 23
2025/04/19 09:40:21 [notice] 1#1: start worker process 24
2025/04/19 09:40:21 [notice] 1#1: start worker process 25
2025/04/19 09:40:21 [notice] 1#1: start worker process 26
2025/04/19 09:40:21 [notice] 1#1: start worker process 27
2025/04/19 09:40:21 [notice] 1#1: start worker process 28
2025/04/19 09:40:21 [notice] 1#1: start worker process 29
2025/04/19 09:40:21 [notice] 1#1: start worker process 30
2025/04/19 09:40:21 [notice] 1#1: start worker process 31
2025/04/19 09:40:28 [notice] 1#1: signal 3 (SIGQUIT) received, shutting down
2025/04/19 09:40:28 [notice] 20#20: gracefully shutting down
2025/04/19 09:40:28 [notice] 21#21: gracefully shutting down
2025/04/19 09:40:28 [notice] 22#22: gracefully shutting down
2025/04/19 09:40:28 [notice] 20#20: exiting
2025/04/19 09:40:28 [notice] 23#23: gracefully shutting down
2025/04/19 09:40:28 [notice] 24#24: gracefully shutting down
2025/04/19 09:40:28 [notice] 25#25: gracefully shutting down
2025/04/19 09:40:28 [notice] 21#21: exiting
2025/04/19 09:40:28 [notice] 26#26: gracefully shutting down
2025/04/19 09:40:28 [notice] 23#23: exiting
2025/04/19 09:40:28 [notice] 24#24: exiting
2025/04/19 09:40:28 [notice] 25#25: exiting
2025/04/19 09:40:28 [notice] 26#26: exiting
2025/04/19 09:40:28 [notice] 20#20: exit
2025/04/19 09:40:28 [notice] 21#21: exit
2025/04/19 09:40:28 [notice] 23#23: exit
2025/04/19 09:40:28 [notice] 24#24: exit
2025/04/19 09:40:28 [notice] 26#26: exit
2025/04/19 09:40:28 [notice] 25#25: exit
2025/04/19 09:40:28 [notice] 22#22: exiting
2025/04/19 09:40:28 [notice] 22#22: exit
2025/04/19 09:40:28 [notice] 27#27: gracefully shutting down
2025/04/19 09:40:28 [notice] 28#28: gracefully shutting down
2025/04/19 09:40:28 [notice] 31#31: gracefully shutting down
2025/04/19 09:40:28 [notice] 27#27: exiting
2025/04/19 09:40:28 [notice] 28#28: exiting
2025/04/19 09:40:28 [notice] 31#31: exiting
2025/04/19 09:40:28 [notice] 27#27: exit
2025/04/19 09:40:28 [notice] 29#29: gracefully shutting down
2025/04/19 09:40:28 [notice] 28#28: exit
2025/04/19 09:40:28 [notice] 31#31: exit
2025/04/19 09:40:28 [notice] 30#30: gracefully shutting down
2025/04/19 09:40:28 [notice] 29#29: exiting
2025/04/19 09:40:28 [notice] 30#30: exiting
2025/04/19 09:40:28 [notice] 29#29: exit
2025/04/19 09:40:28 [notice] 30#30: exit
2025/04/19 09:40:28 [notice] 1#1: signal 17 (SIGCHLD) received from 26
2025/04/19 09:40:28 [notice] 1#1: worker process 21 exited with code 0
2025/04/19 09:40:28 [notice] 1#1: worker process 26 exited with code 0
2025/04/19 09:40:28 [notice] 1#1: signal 29 (SIGIO) received
2025/04/19 09:40:28 [notice] 1#1: signal 17 (SIGCHLD) received from 31
2025/04/19 09:40:28 [notice] 1#1: worker process 25 exited with code 0
2025/04/19 09:40:28 [notice] 1#1: worker process 28 exited with code 0
2025/04/19 09:40:28 [notice] 1#1: worker process 31 exited with code 0
2025/04/19 09:40:28 [notice] 1#1: signal 29 (SIGIO) received
2025/04/19 09:40:28 [notice] 1#1: signal 17 (SIGCHLD) received from 28
2025/04/19 09:40:28 [notice] 1#1: signal 17 (SIGCHLD) received from 23
2025/04/19 09:40:28 [notice] 1#1: worker process 20 exited with code 0
2025/04/19 09:40:28 [notice] 1#1: worker process 23 exited with code 0
2025/04/19 09:40:28 [notice] 1#1: signal 29 (SIGIO) received
2025/04/19 09:40:28 [notice] 1#1: signal 17 (SIGCHLD) received from 20
2025/04/19 09:40:28 [notice] 1#1: signal 17 (SIGCHLD) received from 24
2025/04/19 09:40:28 [notice] 1#1: worker process 24 exited with code 0
2025/04/19 09:40:28 [notice] 1#1: signal 29 (SIGIO) received
2025/04/19 09:40:28 [notice] 1#1: signal 17 (SIGCHLD) received from 30
2025/04/19 09:40:28 [notice] 1#1: worker process 30 exited with code 0
2025/04/19 09:40:28 [notice] 1#1: signal 29 (SIGIO) received
2025/04/19 09:40:28 [notice] 1#1: signal 17 (SIGCHLD) received from 22
2025/04/19 09:40:28 [notice] 1#1: worker process 22 exited with code 0
2025/04/19 09:40:28 [notice] 1#1: worker process 27 exited with code 0
2025/04/19 09:40:28 [notice] 1#1: signal 17 (SIGCHLD) received from 29
2025/04/19 09:40:28 [notice] 1#1: worker process 29 exited with code 0
2025/04/19 09:40:28 [notice] 1#1: exit
2025/05/05 13:49:07 [notice] 1#1: using the "epoll" event method
2025/05/05 13:49:07 [notice] 1#1: nginx/1.27.5
2025/05/05 13:49:07 [notice] 1#1: built by gcc 12.2.0 (Debian 12.2.0-14) 
2025/05/05 13:49:07 [notice] 1#1: OS: Linux 6.14.2-artix1-1
2025/05/05 13:49:07 [notice] 1#1: getrlimit(RLIMIT_NOFILE): 1048576:1048576
2025/05/05 13:49:07 [notice] 1#1: start worker processes
2025/05/05 13:49:07 [notice] 1#1: start worker process 20
2025/05/05 13:49:07 [notice] 1#1: start worker process 21
2025/05/05 13:49:07 [notice] 1#1: start worker process 22
2025/05/05 13:49:07 [notice] 1#1: start worker process 23
2025/05/05 13:49:07 [notice] 1#1: start worker process 24
2025/05/05 13:49:07 [notice] 1#1: start worker process 25
2025/05/05 13:49:07 [notice] 1#1: start worker process 26
2025/05/05 13:49:07 [notice] 1#1: start worker process 27
2025/05/05 13:50:07 [error] 20#20: *1 user "nil": password mismatch, client: 172.20.0.1, server: , request: "GET / HTTP/1.1", host: "localhost"
2025/05/05 13:50:14 [notice] 1#1: signal 3 (SIGQUIT) received, shutting down
2025/05/05 13:50:14 [notice] 20#20: gracefully shutting down
2025/05/05 13:50:14 [notice] 22#22: gracefully shutting down
2025/05/05 13:50:14 [notice] 21#21: gracefully shutting down
2025/05/05 13:50:14 [notice] 22#22: exiting
2025/05/05 13:50:14 [notice] 21#21: exiting
2025/05/05 13:50:14 [notice] 20#20: exiting
2025/05/05 13:50:14 [notice] 21#21: exit
2025/05/05 13:50:14 [notice] 22#22: exit
2025/05/05 13:50:14 [notice] 20#20: exit
2025/05/05 13:50:14 [notice] 23#23: gracefully shutting down
2025/05/05 13:50:14 [notice] 23#23: exiting
2025/05/05 13:50:14 [notice] 24#24: gracefully shutting down
2025/05/05 13:50:14 [notice] 24#24: exiting
2025/05/05 13:50:14 [notice] 23#23: exit
2025/05/05 13:50:14 [notice] 24#24: exit
2025/05/05 13:50:14 [notice] 26#26: gracefully shutting down
2025/05/05 13:50:14 [notice] 26#26: exiting
2025/05/05 13:50:14 [notice] 26#26: exit
2025/05/05 13:50:14 [notice] 25#25: gracefully shutting down
2025/05/05 13:50:14 [notice] 25#25: exiting
2025/05/05 13:50:14 [notice] 25#25: exit
2025/05/05 13:50:14 [notice] 27#27: gracefully shutting down
2025/05/05 13:50:14 [notice] 27#27: exiting
2025/05/05 13:50:14 [notice] 27#27: exit
2025/05/05 13:50:14 [notice] 1#1: signal 17 (SIGCHLD) received from 22
2025/05/05 13:50:14 [notice] 1#1: worker process 22 exited with code 0
2025/05/05 13:50:14 [notice] 1#1: signal 29 (SIGIO) received
2025/05/05 13:50:14 [notice] 1#1: signal 17 (SIGCHLD) received from 21
2025/05/05 13:50:14 [notice] 1#1: worker process 21 exited with code 0
2025/05/05 13:50:14 [notice] 1#1: signal 29 (SIGIO) received
2025/05/05 13:50:14 [notice] 1#1: signal 17 (SIGCHLD) received from 25
2025/05/05 13:50:14 [notice] 1#1: worker process 24 exited with code 0
2025/05/05 13:50:14 [notice] 1#1: worker process 25 exited with code 0
2025/05/05 13:50:14 [notice] 1#1: signal 29 (SIGIO) received
2025/05/05 13:50:14 [notice] 1#1: signal 17 (SIGCHLD) received from 20
2025/05/05 13:50:14 [notice] 1#1: worker process 20 exited with code 0
2025/05/05 13:50:14 [notice] 1#1: worker process 23 exited with code 0
2025/05/05 13:50:14 [notice] 1#1: signal 29 (SIGIO) received
2025/05/05 13:50:14 [notice] 1#1: signal 17 (SIGCHLD) received from 23
2025/05/05 13:50:14 [notice] 1#1: signal 17 (SIGCHLD) received from 26
2025/05/05 13:50:14 [notice] 1#1: worker process 26 exited with code 0
2025/05/05 13:50:14 [notice] 1#1: signal 29 (SIGIO) received
2025/05/05 13:50:14 [notice] 1#1: signal 17 (SIGCHLD) received from 27
2025/05/05 13:50:14 [notice] 1#1: worker process 27 exited with code 0
2025/05/05 13:50:14 [notice] 1#1: exit
2025/05/05 13:52:07 [notice] 1#1: using the "epoll" event method
2025/05/05 13:52:07 [notice] 1#1: nginx/1.27.5
2025/05/05 13:52:07 [notice] 1#1: built by gcc 12.2.0 (Debian 12.2.0-14) 
2025/05/05 13:52:07 [notice] 1#1: OS: Linux 6.14.2-artix1-1
2025/05/05 13:52:07 [notice] 1#1: getrlimit(RLIMIT_NOFILE): 1048576:1048576
2025/05/05 13:52:07 [notice] 1#1: start worker processes
2025/05/05 13:52:07 [notice] 1#1: start worker process 20
2025/05/05 13:52:07 [notice] 1#1: start worker process 21
2025/05/05 13:52:07 [notice] 1#1: start worker process 22
2025/05/05 13:52:07 [notice] 1#1: start worker process 23
2025/05/05 13:52:07 [notice] 1#1: start worker process 24
2025/05/05 13:52:07 [notice] 1#1: start worker process 25
2025/05/05 13:52:07 [notice] 1#1: start worker process 26
2025/05/05 13:52:07 [notice] 1#1: start worker process 27
2025/05/05 13:52:44 [notice] 1#1: signal 3 (SIGQUIT) received, shutting down
2025/05/05 13:52:44 [notice] 20#20: gracefully shutting down
2025/05/05 13:52:44 [notice] 22#22: gracefully shutting down
2025/05/05 13:52:44 [notice] 21#21: gracefully shutting down
2025/05/05 13:52:44 [notice] 22#22: exiting
2025/05/05 13:52:44 [notice] 21#21: exiting
2025/05/05 13:52:44 [notice] 21#21: exit
2025/05/05 13:52:44 [notice] 20#20: exiting
2025/05/05 13:52:44 [notice] 22#22: exit
2025/05/05 13:52:44 [notice] 20#20: exit
2025/05/05 13:52:44 [notice] 24#24: gracefully shutting down
2025/05/05 13:52:44 [notice] 23#23: gracefully shutting down
2025/05/05 13:52:44 [notice] 24#24: exiting
2025/05/05 13:52:44 [notice] 23#23: exiting
2025/05/05 13:52:44 [notice] 24#24: exit
2025/05/05 13:52:44 [notice] 23#23: exit
2025/05/05 13:52:44 [notice] 25#25: gracefully shutting down
2025/05/05 13:52:44 [notice] 26#26: gracefully shutting down
2025/05/05 13:52:44 [notice] 25#25: exiting
2025/05/05 13:52:44 [notice] 26#26: exiting
2025/05/05 13:52:44 [notice] 25#25: exit
2025/05/05 13:52:44 [notice] 26#26: exit
2025/05/05 13:52:44 [notice] 27#27: gracefully shutting down
2025/05/05 13:52:44 [notice] 27#27: exiting
2025/05/05 13:52:44 [notice] 27#27: exit
2025/05/05 13:52:44 [notice] 1#1: signal 17 (SIGCHLD) received from 25
2025/05/05 13:52:44 [notice] 1#1: worker process 25 exited with code 0
2025/05/05 13:52:44 [notice] 1#1: signal 29 (SIGIO) received
2025/05/05 13:52:44 [notice] 1#1: signal 17 (SIGCHLD) received from 23
2025/05/05 13:52:44 [notice] 1#1: worker process 23 exited with code 0
2025/05/05 13:52:44 [notice] 1#1: signal 29 (SIGIO) received
2025/05/05 13:52:44 [notice] 1#1: signal 17 (SIGCHLD) received from 20
2025/05/05 13:52:44 [notice] 1#1: worker process 20 exited with code 0
2025/05/05 13:52:44 [notice] 1#1: signal 29 (SIGIO) received
2025/05/05 13:52:44 [notice] 1#1: signal 17 (SIGCHLD) received from 22
2025/05/05 13:52:44 [notice] 1#1: worker process 22 exited with code 0
2025/05/05 13:52:44 [notice] 1#1: worker process 24 exited with code 0
2025/05/05 13:52:44 [notice] 1#1: signal 29 (SIGIO) received
2025/05/05 13:52:44 [notice] 1#1: signal 17 (SIGCHLD) received from 26
2025/05/05 13:52:44 [notice] 1#1: worker process 26 exited with code 0
2025/05/05 13:52:44 [notice] 1#1: signal 29 (SIGIO) received
2025/05/05 13:52:44 [notice] 1#1: signal 17 (SIGCHLD) received from 27
2025/05/05 13:52:44 [notice] 1#1: worker process 27 exited with code 0
2025/05/05 13:52:44 [notice] 1#1: signal 17 (SIGCHLD) received from 21
2025/05/05 13:52:44 [notice] 1#1: worker process 21 exited with code 0
2025/05/05 13:52:44 [notice] 1#1: exit
